<?xml version="1.0" encoding="UTF-8"?>
<testng-results ignored="0" total="1" passed="1" failed="0" skipped="0">
  <reporter-output>
  </reporter-output>
  <suite started-at="2024-09-04T16:07:34 IST" name="Default suite" finished-at="2024-09-04T16:07:53 IST" duration-ms="18404">
    <groups>
    </groups>
    <test started-at="2024-09-04T16:07:34 IST" name="Default test" finished-at="2024-09-04T16:07:53 IST" duration-ms="18404">
      <class name="Test.OrangeHRMTestCases">
        <test-method is-config="true" signature="setup()[pri:0, instance:Test.OrangeHRMTestCases@22555ebf]" started-at="2024-09-04T16:07:35 IST" name="setup" finished-at="2024-09-04T16:07:45 IST" duration-ms="10164" status="PASS">
          <reporter-output>
          </reporter-output>
        </test-method> <!-- setup -->
        <test-method signature="LoginLogoutTest()[pri:0, instance:Test.OrangeHRMTestCases@22555ebf]" started-at="2024-09-04T16:07:45 IST" name="LoginLogoutTest" finished-at="2024-09-04T16:07:53 IST" duration-ms="8167" status="PASS">
          <reporter-output>
          </reporter-output>
        </test-method> <!-- LoginLogoutTest -->
        <test-method is-config="true" signature="teardown()[pri:0, instance:Test.OrangeHRMTestCases@22555ebf]" started-at="2024-09-04T16:07:53 IST" name="teardown" finished-at="2024-09-04T16:07:53 IST" duration-ms="0" status="PASS">
          <reporter-output>
          </reporter-output>
        </test-method> <!-- teardown -->
      </class> <!-- Test.OrangeHRMTestCases -->
    </test> <!-- Default test -->
  </suite> <!-- Default suite -->
</testng-results>
